[debug] [2023-08-22T14:28:10.530Z] ----------------------------------------------------------------------
[debug] [2023-08-22T14:28:10.532Z] Command:       /home/aeturi/.nvm/versions/node/v20.5.0/bin/node /home/aeturi/.nvm/versions/node/v20.5.0/bin/firebase emulators:start
[debug] [2023-08-22T14:28:10.532Z] CLI Version:   12.4.6
[debug] [2023-08-22T14:28:10.532Z] Platform:      linux
[debug] [2023-08-22T14:28:10.532Z] Node Version:  v20.5.0
[debug] [2023-08-22T14:28:10.533Z] Time:          Tue Aug 22 2023 19:58:10 GMT+0530 (India Standard Time)
[debug] [2023-08-22T14:28:10.533Z] ----------------------------------------------------------------------
[debug] 
[debug] [2023-08-22T14:28:10.535Z] >>> [apiv2][query] GET https://firebase-public.firebaseio.com/cli.json [none]
[debug] [2023-08-22T14:28:10.631Z] > command requires scopes: ["email","openid","https://www.googleapis.com/auth/cloudplatformprojects.readonly","https://www.googleapis.com/auth/firebase","https://www.googleapis.com/auth/cloud-platform"]
[debug] [2023-08-22T14:28:10.631Z] > authorizing via signed-in user (aeturipradeep@gmail.com)
[info] i  emulators: Starting emulators: functions, hosting {"metadata":{"emulator":{"name":"hub"},"message":"Starting emulators: functions, hosting"}}
[debug] [2023-08-22T14:28:10.636Z] [logging] Logging Emulator only supports listening on one address (127.0.0.1). Not listening on ::1
[debug] [2023-08-22T14:28:10.637Z] [hosting] Hosting Emulator only supports listening on one address (127.0.0.1). Not listening on ::1
[debug] [2023-08-22T14:28:10.637Z] assigned listening specs for emulators {"user":{"hub":[{"address":"127.0.0.1","family":"IPv4","port":4400},{"address":"::1","family":"IPv6","port":4400}],"ui":[{"address":"127.0.0.1","family":"IPv4","port":4000},{"address":"::1","family":"IPv6","port":4000}],"logging":[{"address":"127.0.0.1","family":"IPv4","port":4500}],"hosting":[{"address":"127.0.0.1","family":"IPv4","port":5000}]},"metadata":{"message":"assigned listening specs for emulators"}}
[debug] [2023-08-22T14:28:10.643Z] [hub] writing locator at /tmp/hub-clone-96e62.json
[debug] [2023-08-22T14:28:10.653Z] [functions] Functions Emulator only supports listening on one address (127.0.0.1). Not listening on ::1
[debug] [2023-08-22T14:28:10.654Z] [eventarc] Eventarc Emulator only supports listening on one address (127.0.0.1). Not listening on ::1
[debug] [2023-08-22T14:28:10.654Z] late-assigned ports for functions and eventarc emulators {"user":{"hub":[{"address":"127.0.0.1","family":"IPv4","port":4400},{"address":"::1","family":"IPv6","port":4400}],"ui":[{"address":"127.0.0.1","family":"IPv4","port":4000},{"address":"::1","family":"IPv6","port":4000}],"logging":[{"address":"127.0.0.1","family":"IPv4","port":4500}],"hosting":[{"address":"127.0.0.1","family":"IPv4","port":5000}],"functions":[{"address":"127.0.0.1","family":"IPv4","port":5001}],"eventarc":[{"address":"127.0.0.1","family":"IPv4","port":9299}]},"metadata":{"message":"late-assigned ports for functions and eventarc emulators"}}
[warn] ⚠  functions: The following emulators are not running, calls to these services from the Functions emulator will affect production: auth, firestore, database, pubsub, storage {"metadata":{"emulator":{"name":"functions"},"message":"The following emulators are not running, calls to these services from the Functions emulator will affect production: \u001b[1mauth, firestore, database, pubsub, storage\u001b[22m"}}
[debug] [2023-08-22T14:28:10.658Z] defaultcredentials: writing to file /home/aeturi/.config/firebase/aeturipradeep_gmail_com_application_default_credentials.json
[debug] [2023-08-22T14:28:10.661Z] Setting GAC to /home/aeturi/.config/firebase/aeturipradeep_gmail_com_application_default_credentials.json {"metadata":{"emulator":{"name":"functions"},"message":"Setting GAC to /home/aeturi/.config/firebase/aeturipradeep_gmail_com_application_default_credentials.json"}}
[debug] [2023-08-22T14:28:10.662Z] >>> [apiv2][query] GET https://firebase.googleapis.com/v1beta1/projects/clone-96e62/adminSdkConfig [none]
[debug] [2023-08-22T14:28:11.872Z] <<< [apiv2][status] GET https://firebase.googleapis.com/v1beta1/projects/clone-96e62/adminSdkConfig 200
[debug] [2023-08-22T14:28:11.873Z] <<< [apiv2][body] GET https://firebase.googleapis.com/v1beta1/projects/clone-96e62/adminSdkConfig {"projectId":"clone-96e62","storageBucket":"clone-96e62.appspot.com"}
[debug] [2023-08-22T14:28:11.909Z] >>> [apiv2][query] GET https://firebasehosting.googleapis.com/v1beta1/projects/clone-96e62/sites 
[debug] [2023-08-22T14:28:12.042Z] <<< [apiv2][status] GET https://firebase-public.firebaseio.com/cli.json 200
[debug] [2023-08-22T14:28:12.043Z] <<< [apiv2][body] GET https://firebase-public.firebaseio.com/cli.json {"cloudBuildErrorAfter":1594252800000,"cloudBuildWarnAfter":1590019200000,"defaultNode10After":1594252800000,"minVersion":"3.0.5","node8DeploysDisabledAfter":1613390400000,"node8RuntimeDisabledAfter":1615809600000,"node8WarnAfter":1600128000000}
[debug] [2023-08-22T14:28:14.146Z] <<< [apiv2][status] GET https://firebasehosting.googleapis.com/v1beta1/projects/clone-96e62/sites 200
[debug] [2023-08-22T14:28:14.147Z] <<< [apiv2][body] GET https://firebasehosting.googleapis.com/v1beta1/projects/clone-96e62/sites {"sites":[{"name":"projects/clone-96e62/sites/clone-96e62","defaultUrl":"https://clone-96e62.web.app","appId":"1:58093445337:web:1014c0f584fa145c4edec8","type":"DEFAULT_SITE"}]}
[debug] [2023-08-22T14:28:14.148Z] >>> [apiv2][query] GET https://firebase.googleapis.com/v1beta1/projects/clone-96e62/webApps/1:58093445337:web:1014c0f584fa145c4edec8/config [none]
[debug] [2023-08-22T14:28:15.236Z] <<< [apiv2][status] GET https://firebase.googleapis.com/v1beta1/projects/clone-96e62/webApps/1:58093445337:web:1014c0f584fa145c4edec8/config 200
[debug] [2023-08-22T14:28:15.236Z] <<< [apiv2][body] GET https://firebase.googleapis.com/v1beta1/projects/clone-96e62/webApps/1:58093445337:web:1014c0f584fa145c4edec8/config {"projectId":"clone-96e62","appId":"1:58093445337:web:1014c0f584fa145c4edec8","storageBucket":"clone-96e62.appspot.com","apiKey":"AIzaSyAJ8-ASR5SfX91NsFJ5WQT5tOhJl43iiyU","authDomain":"clone-96e62.firebaseapp.com","messagingSenderId":"58093445337","measurementId":"G-CSTDZTFPXM"}
[debug] [2023-08-22T14:28:15.244Z] >>> [apiv2][query] GET https://firebase.googleapis.com/v1beta1/projects/clone-96e62 [none]
[debug] [2023-08-22T14:28:24.621Z] <<< [apiv2][status] GET https://firebase.googleapis.com/v1beta1/projects/clone-96e62 200
[debug] [2023-08-22T14:28:24.623Z] <<< [apiv2][body] GET https://firebase.googleapis.com/v1beta1/projects/clone-96e62 {"projectId":"clone-96e62","projectNumber":"58093445337","displayName":"amazon-clone","name":"projects/clone-96e62","resources":{"hostingSite":"clone-96e62"},"state":"ACTIVE","etag":"1_c1f9cdbe-cc3c-443f-8a68-974dc450fb15"}
[info] i  hosting[clone-96e62]: Serving hosting files from: build {"metadata":{"emulator":{"name":"hosting"},"message":"Serving hosting files from: \u001b[1mbuild\u001b[22m"}}
[info] ✔  hosting[clone-96e62]: Local server: http://127.0.0.1:5000 {"metadata":{"emulator":{"name":"hosting"},"message":"Local server: \u001b[4m\u001b[1mhttp://127.0.0.1:5000\u001b[22m\u001b[24m"}}
[debug] [2023-08-22T14:28:24.662Z] Ignoring unsupported arg: auto_download {"metadata":{"emulator":{"name":"ui"},"message":"Ignoring unsupported arg: auto_download"}}
[debug] [2023-08-22T14:28:24.662Z] Ignoring unsupported arg: port {"metadata":{"emulator":{"name":"ui"},"message":"Ignoring unsupported arg: port"}}
[debug] [2023-08-22T14:28:24.662Z] Starting Emulator UI with command {"binary":"node","args":["/home/aeturi/.cache/firebase/emulators/ui-v1.11.7/server/server.js"],"optionalArgs":[],"joinArgs":false} {"metadata":{"emulator":{"name":"ui"},"message":"Starting Emulator UI with command {\"binary\":\"node\",\"args\":[\"/home/aeturi/.cache/firebase/emulators/ui-v1.11.7/server/server.js\"],\"optionalArgs\":[],\"joinArgs\":false}"}}
[info] i  ui: Emulator UI logging to ui-debug.log {"metadata":{"emulator":{"name":"ui"},"message":"Emulator UI logging to \u001b[1mui-debug.log\u001b[22m"}}
[debug] [2023-08-22T14:28:24.750Z] Web / API server started at 127.0.0.1:4000
 {"metadata":{"emulator":{"name":"ui"},"message":"Web / API server started at 127.0.0.1:4000\n"}}
[debug] [2023-08-22T14:28:24.751Z] Web / API server started at ::1:4000
 {"metadata":{"emulator":{"name":"ui"},"message":"Web / API server started at ::1:4000\n"}}
[info] i  functions: Watching "/home/aeturi/amazon-clone/functions" for Cloud Functions... {"metadata":{"emulator":{"name":"functions"},"message":"Watching \"/home/aeturi/amazon-clone/functions\" for Cloud Functions..."}}
[debug] [2023-08-22T14:28:24.943Z] Validating nodejs source
[debug] [2023-08-22T14:28:26.141Z] > [functions] package.json contents: {
  "name": "functions",
  "description": "Cloud Functions for Firebase",
  "scripts": {
    "lint": "eslint .",
    "serve": "firebase emulators:start --only functions",
    "shell": "firebase functions:shell",
    "start": "npm run shell",
    "deploy": "firebase deploy --only functions",
    "logs": "firebase functions:log"
  },
  "engines": {
    "node": "18"
  },
  "main": "index.js",
  "dependencies": {
    "cors": "^2.8.5",
    "express": "^4.18.2",
    "firebase-admin": "^11.8.0",
    "firebase-functions": "^4.3.1",
    "stripe": "^7.4.0"
  },
  "devDependencies": {
    "eslint": "^8.15.0",
    "eslint-config-google": "^0.14.0",
    "firebase-functions-test": "^3.1.0"
  },
  "private": true
}
[debug] [2023-08-22T14:28:26.141Z] Building nodejs source
[debug] [2023-08-22T14:28:26.142Z] Failed to find version of module node: reached end of search path /home/aeturi/amazon-clone/functions/node_modules
[warn] ⚠  functions: Your requested "node" version "18" doesn't match your global version "20". Using node@20 from host. 
[debug] [2023-08-22T14:28:26.144Z] Could not find functions.yaml. Must use http discovery
[debug] [2023-08-22T14:28:26.148Z] Found firebase-functions binary at '/home/aeturi/amazon-clone/functions/node_modules/.bin/firebase-functions'
[info] Serving at port 8283

[debug] [2023-08-22T14:28:26.412Z] Got response from /__/functions.yaml {"endpoints":{"api":{"platform":"gcfv1","availableMemoryMb":null,"timeoutSeconds":null,"minInstances":null,"maxInstances":null,"ingressSettings":null,"serviceAccountEmail":null,"vpc":null,"httpsTrigger":{},"entryPoint":"api"}},"specVersion":"v1alpha1","requiredAPIs":[]}
[info] shutdown requested via /__/quitquitquit

[info] ✔  functions: Loaded functions definitions from source: api. {"metadata":{"emulator":{"name":"functions"},"message":"Loaded functions definitions from source: api."}}
[info] ✔  functions[us-central1-api]: http function initialized (http://127.0.0.1:5001/clone-96e62/us-central1/api). {"metadata":{"emulator":{"name":"functions"},"message":"\u001b[1mhttp\u001b[22m function initialized (http://127.0.0.1:5001/clone-96e62/us-central1/api)."}}
[info] 
┌─────────────────────────────────────────────────────────────┐
│ ✔  All emulators ready! It is now safe to connect your app. │
│ i  View Emulator UI at http://127.0.0.1:4000/               │
└─────────────────────────────────────────────────────────────┘

┌───────────┬────────────────┬─────────────────────────────────┐
│ Emulator  │ Host:Port      │ View in Emulator UI             │
├───────────┼────────────────┼─────────────────────────────────┤
│ Functions │ 127.0.0.1:5001 │ http://127.0.0.1:4000/functions │
├───────────┼────────────────┼─────────────────────────────────┤
│ Hosting   │ 127.0.0.1:5000 │ n/a                             │
└───────────┴────────────────┴─────────────────────────────────┘
  Emulator Hub running at 127.0.0.1:4400
  Other reserved ports: 4500

Issues? Report them at https://github.com/firebase/firebase-tools/issues and attach the *-debug.log files.
 
[debug] [2023-08-22T17:46:05.516Z] [work-queue] {"queuedWork":["/clone-96e62/us-central1/api/payments/create-2023-08-22T17:46:05.516Z"],"queueLength":1,"runningWork":[],"workRunningCount":0}
[debug] [2023-08-22T17:46:05.517Z] [work-queue] {"queuedWork":[],"queueLength":0,"runningWork":["/clone-96e62/us-central1/api/payments/create-2023-08-22T17:46:05.516Z"],"workRunningCount":1}
[debug] [2023-08-22T17:46:05.517Z] Accepted request POST /clone-96e62/us-central1/api/payments/create?total=5599 --> us-central1-api
[debug] [2023-08-22T17:46:05.520Z] [functions] Runtime ready! Sending request! {"metadata":{"emulator":{"name":"functions"},"message":"[functions] Runtime ready! Sending request!"}}
[debug] [2023-08-22T17:46:05.521Z] [functions] Got req.url=/clone-96e62/us-central1/api/payments/create?total=5599, mapping to path=/payments/create?total=5599 {"metadata":{"emulator":{"name":"functions"},"message":"[functions] Got req.url=/clone-96e62/us-central1/api/payments/create?total=5599, mapping to path=/payments/create?total=5599"}}
[debug] [2023-08-22T17:46:05.526Z] [worker-pool] addWorker(us-central1-api) {"metadata":{"emulator":{"name":"functions"},"message":"[worker-pool] addWorker(us-central1-api)"}}
[debug] [2023-08-22T17:46:05.528Z] [worker-pool] Adding worker with key us-central1-api, total=1 {"metadata":{"emulator":{"name":"functions"},"message":"[worker-pool] Adding worker with key us-central1-api, total=1"}}
[debug] [2023-08-22T17:46:05.531Z] [work-queue] {"queuedWork":["/clone-96e62/us-central1/api/payments/create-2023-08-22T17:46:05.531Z"],"queueLength":1,"runningWork":["/clone-96e62/us-central1/api/payments/create-2023-08-22T17:46:05.516Z"],"workRunningCount":1}
[debug] [2023-08-22T17:46:05.531Z] [work-queue] {"queuedWork":[],"queueLength":0,"runningWork":["/clone-96e62/us-central1/api/payments/create-2023-08-22T17:46:05.516Z","/clone-96e62/us-central1/api/payments/create-2023-08-22T17:46:05.531Z"],"workRunningCount":2}
[debug] [2023-08-22T17:46:05.531Z] Accepted request POST /clone-96e62/us-central1/api/payments/create?total=5599 --> us-central1-api
[debug] [2023-08-22T17:46:05.533Z] [functions] Runtime ready! Sending request! {"metadata":{"emulator":{"name":"functions"},"message":"[functions] Runtime ready! Sending request!"}}
[debug] [2023-08-22T17:46:05.533Z] [functions] Got req.url=/clone-96e62/us-central1/api/payments/create?total=5599, mapping to path=/payments/create?total=5599 {"metadata":{"emulator":{"name":"functions"},"message":"[functions] Got req.url=/clone-96e62/us-central1/api/payments/create?total=5599, mapping to path=/payments/create?total=5599"}}
[debug] [2023-08-22T17:46:05.535Z] [worker-pool] addWorker(us-central1-api) {"metadata":{"emulator":{"name":"functions"},"message":"[worker-pool] addWorker(us-central1-api)"}}
[debug] [2023-08-22T17:46:05.536Z] [worker-pool] Adding worker with key us-central1-api, total=2 {"metadata":{"emulator":{"name":"functions"},"message":"[worker-pool] Adding worker with key us-central1-api, total=2"}}
[debug] [2023-08-22T17:46:06.163Z] [runtime-status] [9365] Resolved module firebase-admin {"declared":true,"installed":true,"version":"11.10.1","resolution":"/home/aeturi/amazon-clone/functions/node_modules/firebase-admin/lib/index.js"} {"metadata":{"emulator":{"name":"functions"},"function":{"name":"us-central1-api"},"extension":{},"message":"[runtime-status] [9365] Resolved module firebase-admin {\"declared\":true,\"installed\":true,\"version\":\"11.10.1\",\"resolution\":\"/home/aeturi/amazon-clone/functions/node_modules/firebase-admin/lib/index.js\"}"}}
[debug] [2023-08-22T17:46:06.164Z] [runtime-status] [9365] Resolved module firebase-functions {"declared":true,"installed":true,"version":"4.4.1","resolution":"/home/aeturi/amazon-clone/functions/node_modules/firebase-functions/lib/v1/index.js"} {"metadata":{"emulator":{"name":"functions"},"function":{"name":"us-central1-api"},"extension":{},"message":"[runtime-status] [9365] Resolved module firebase-functions {\"declared\":true,\"installed\":true,\"version\":\"4.4.1\",\"resolution\":\"/home/aeturi/amazon-clone/functions/node_modules/firebase-functions/lib/v1/index.js\"}"}}
[debug] [2023-08-22T17:46:06.164Z] [runtime-status] [9365] Outgoing network have been stubbed. [{"name":"http","status":"mocked"},{"name":"http","status":"mocked"},{"name":"https","status":"mocked"},{"name":"https","status":"mocked"},{"name":"net","status":"mocked"}] {"metadata":{"emulator":{"name":"functions"},"function":{"name":"us-central1-api"},"extension":{},"message":"[runtime-status] [9365] Outgoing network have been stubbed. [{\"name\":\"http\",\"status\":\"mocked\"},{\"name\":\"http\",\"status\":\"mocked\"},{\"name\":\"https\",\"status\":\"mocked\"},{\"name\":\"https\",\"status\":\"mocked\"},{\"name\":\"net\",\"status\":\"mocked\"}]"}}
[debug] [2023-08-22T17:46:06.167Z] [runtime-status] [9365] Resolved module firebase-functions {"declared":true,"installed":true,"version":"4.4.1","resolution":"/home/aeturi/amazon-clone/functions/node_modules/firebase-functions/lib/v1/index.js"} {"metadata":{"emulator":{"name":"functions"},"function":{"name":"us-central1-api"},"extension":{},"message":"[runtime-status] [9365] Resolved module firebase-functions {\"declared\":true,\"installed\":true,\"version\":\"4.4.1\",\"resolution\":\"/home/aeturi/amazon-clone/functions/node_modules/firebase-functions/lib/v1/index.js\"}"}}
[debug] [2023-08-22T17:46:06.194Z] [runtime-status] [9375] Resolved module firebase-admin {"declared":true,"installed":true,"version":"11.10.1","resolution":"/home/aeturi/amazon-clone/functions/node_modules/firebase-admin/lib/index.js"} {"metadata":{"emulator":{"name":"functions"},"function":{"name":"us-central1-api"},"extension":{},"message":"[runtime-status] [9375] Resolved module firebase-admin {\"declared\":true,\"installed\":true,\"version\":\"11.10.1\",\"resolution\":\"/home/aeturi/amazon-clone/functions/node_modules/firebase-admin/lib/index.js\"}"}}
[debug] [2023-08-22T17:46:06.195Z] [runtime-status] [9375] Resolved module firebase-functions {"declared":true,"installed":true,"version":"4.4.1","resolution":"/home/aeturi/amazon-clone/functions/node_modules/firebase-functions/lib/v1/index.js"} {"metadata":{"emulator":{"name":"functions"},"function":{"name":"us-central1-api"},"extension":{},"message":"[runtime-status] [9375] Resolved module firebase-functions {\"declared\":true,\"installed\":true,\"version\":\"4.4.1\",\"resolution\":\"/home/aeturi/amazon-clone/functions/node_modules/firebase-functions/lib/v1/index.js\"}"}}
[debug] [2023-08-22T17:46:06.195Z] [runtime-status] [9375] Outgoing network have been stubbed. [{"name":"http","status":"mocked"},{"name":"http","status":"mocked"},{"name":"https","status":"mocked"},{"name":"https","status":"mocked"},{"name":"net","status":"mocked"}] {"metadata":{"emulator":{"name":"functions"},"function":{"name":"us-central1-api"},"extension":{},"message":"[runtime-status] [9375] Outgoing network have been stubbed. [{\"name\":\"http\",\"status\":\"mocked\"},{\"name\":\"http\",\"status\":\"mocked\"},{\"name\":\"https\",\"status\":\"mocked\"},{\"name\":\"https\",\"status\":\"mocked\"},{\"name\":\"net\",\"status\":\"mocked\"}]"}}
[debug] [2023-08-22T17:46:06.196Z] [runtime-status] [9375] Resolved module firebase-functions {"declared":true,"installed":true,"version":"4.4.1","resolution":"/home/aeturi/amazon-clone/functions/node_modules/firebase-functions/lib/v1/index.js"} {"metadata":{"emulator":{"name":"functions"},"function":{"name":"us-central1-api"},"extension":{},"message":"[runtime-status] [9375] Resolved module firebase-functions {\"declared\":true,\"installed\":true,\"version\":\"4.4.1\",\"resolution\":\"/home/aeturi/amazon-clone/functions/node_modules/firebase-functions/lib/v1/index.js\"}"}}
[debug] [2023-08-22T17:46:06.304Z] [runtime-status] [9365] Checked functions.config() {"config":{}} {"metadata":{"emulator":{"name":"functions"},"function":{"name":"us-central1-api"},"extension":{},"message":"[runtime-status] [9365] Checked functions.config() {\"config\":{}}"}}
[debug] [2023-08-22T17:46:06.305Z] [runtime-status] [9365] firebase-functions has been stubbed. {"functionsResolution":{"declared":true,"installed":true,"version":"4.4.1","resolution":"/home/aeturi/amazon-clone/functions/node_modules/firebase-functions/lib/v1/index.js"}} {"metadata":{"emulator":{"name":"functions"},"function":{"name":"us-central1-api"},"extension":{},"message":"[runtime-status] [9365] firebase-functions has been stubbed. {\"functionsResolution\":{\"declared\":true,\"installed\":true,\"version\":\"4.4.1\",\"resolution\":\"/home/aeturi/amazon-clone/functions/node_modules/firebase-functions/lib/v1/index.js\"}}"}}
[debug] [2023-08-22T17:46:06.305Z] [runtime-status] [9365] Resolved module firebase-functions {"declared":true,"installed":true,"version":"4.4.1","resolution":"/home/aeturi/amazon-clone/functions/node_modules/firebase-functions/lib/v1/index.js"} {"metadata":{"emulator":{"name":"functions"},"function":{"name":"us-central1-api"},"extension":{},"message":"[runtime-status] [9365] Resolved module firebase-functions {\"declared\":true,\"installed\":true,\"version\":\"4.4.1\",\"resolution\":\"/home/aeturi/amazon-clone/functions/node_modules/firebase-functions/lib/v1/index.js\"}"}}
[debug] [2023-08-22T17:46:06.306Z] [runtime-status] [9365] Resolved module firebase-admin {"declared":true,"installed":true,"version":"11.10.1","resolution":"/home/aeturi/amazon-clone/functions/node_modules/firebase-admin/lib/index.js"} {"metadata":{"emulator":{"name":"functions"},"function":{"name":"us-central1-api"},"extension":{},"message":"[runtime-status] [9365] Resolved module firebase-admin {\"declared\":true,\"installed\":true,\"version\":\"11.10.1\",\"resolution\":\"/home/aeturi/amazon-clone/functions/node_modules/firebase-admin/lib/index.js\"}"}}
[debug] [2023-08-22T17:46:06.313Z] [runtime-status] [9365] Resolved module firebase-functions {"declared":true,"installed":true,"version":"4.4.1","resolution":"/home/aeturi/amazon-clone/functions/node_modules/firebase-functions/lib/v1/index.js"} {"metadata":{"emulator":{"name":"functions"},"function":{"name":"us-central1-api"},"extension":{},"message":"[runtime-status] [9365] Resolved module firebase-functions {\"declared\":true,\"installed\":true,\"version\":\"4.4.1\",\"resolution\":\"/home/aeturi/amazon-clone/functions/node_modules/firebase-functions/lib/v1/index.js\"}"}}
[debug] [2023-08-22T17:46:06.313Z] [runtime-status] [9365] firebase-admin has been stubbed. {"adminResolution":{"declared":true,"installed":true,"version":"11.10.1","resolution":"/home/aeturi/amazon-clone/functions/node_modules/firebase-admin/lib/index.js"}} {"metadata":{"emulator":{"name":"functions"},"function":{"name":"us-central1-api"},"extension":{},"message":"[runtime-status] [9365] firebase-admin has been stubbed. {\"adminResolution\":{\"declared\":true,\"installed\":true,\"version\":\"11.10.1\",\"resolution\":\"/home/aeturi/amazon-clone/functions/node_modules/firebase-admin/lib/index.js\"}}"}}
[debug] [2023-08-22T17:46:06.332Z] [runtime-status] [9375] Checked functions.config() {"config":{}} {"metadata":{"emulator":{"name":"functions"},"function":{"name":"us-central1-api"},"extension":{},"message":"[runtime-status] [9375] Checked functions.config() {\"config\":{}}"}}
[debug] [2023-08-22T17:46:06.333Z] [runtime-status] [9375] firebase-functions has been stubbed. {"functionsResolution":{"declared":true,"installed":true,"version":"4.4.1","resolution":"/home/aeturi/amazon-clone/functions/node_modules/firebase-functions/lib/v1/index.js"}} {"metadata":{"emulator":{"name":"functions"},"function":{"name":"us-central1-api"},"extension":{},"message":"[runtime-status] [9375] firebase-functions has been stubbed. {\"functionsResolution\":{\"declared\":true,\"installed\":true,\"version\":\"4.4.1\",\"resolution\":\"/home/aeturi/amazon-clone/functions/node_modules/firebase-functions/lib/v1/index.js\"}}"}}
[debug] [2023-08-22T17:46:06.333Z] [runtime-status] [9375] Resolved module firebase-functions {"declared":true,"installed":true,"version":"4.4.1","resolution":"/home/aeturi/amazon-clone/functions/node_modules/firebase-functions/lib/v1/index.js"} {"metadata":{"emulator":{"name":"functions"},"function":{"name":"us-central1-api"},"extension":{},"message":"[runtime-status] [9375] Resolved module firebase-functions {\"declared\":true,\"installed\":true,\"version\":\"4.4.1\",\"resolution\":\"/home/aeturi/amazon-clone/functions/node_modules/firebase-functions/lib/v1/index.js\"}"}}
[debug] [2023-08-22T17:46:06.334Z] [runtime-status] [9375] Resolved module firebase-admin {"declared":true,"installed":true,"version":"11.10.1","resolution":"/home/aeturi/amazon-clone/functions/node_modules/firebase-admin/lib/index.js"} {"metadata":{"emulator":{"name":"functions"},"function":{"name":"us-central1-api"},"extension":{},"message":"[runtime-status] [9375] Resolved module firebase-admin {\"declared\":true,\"installed\":true,\"version\":\"11.10.1\",\"resolution\":\"/home/aeturi/amazon-clone/functions/node_modules/firebase-admin/lib/index.js\"}"}}
[debug] [2023-08-22T17:46:06.335Z] [runtime-status] [9375] Resolved module firebase-functions {"declared":true,"installed":true,"version":"4.4.1","resolution":"/home/aeturi/amazon-clone/functions/node_modules/firebase-functions/lib/v1/index.js"} {"metadata":{"emulator":{"name":"functions"},"function":{"name":"us-central1-api"},"extension":{},"message":"[runtime-status] [9375] Resolved module firebase-functions {\"declared\":true,\"installed\":true,\"version\":\"4.4.1\",\"resolution\":\"/home/aeturi/amazon-clone/functions/node_modules/firebase-functions/lib/v1/index.js\"}"}}
[debug] [2023-08-22T17:46:06.335Z] [runtime-status] [9375] firebase-admin has been stubbed. {"adminResolution":{"declared":true,"installed":true,"version":"11.10.1","resolution":"/home/aeturi/amazon-clone/functions/node_modules/firebase-admin/lib/index.js"}} {"metadata":{"emulator":{"name":"functions"},"function":{"name":"us-central1-api"},"extension":{},"message":"[runtime-status] [9375] firebase-admin has been stubbed. {\"adminResolution\":{\"declared\":true,\"installed\":true,\"version\":\"11.10.1\",\"resolution\":\"/home/aeturi/amazon-clone/functions/node_modules/firebase-admin/lib/index.js\"}}"}}
[debug] [2023-08-22T17:46:06.383Z] [runtime-status] [9365] Functions runtime initialized. {"cwd":"/home/aeturi/amazon-clone/functions","node_version":"20.5.0"} {"metadata":{"emulator":{"name":"functions"},"function":{"name":"us-central1-api"},"extension":{},"message":"[runtime-status] [9365] Functions runtime initialized. {\"cwd\":\"/home/aeturi/amazon-clone/functions\",\"node_version\":\"20.5.0\"}"}}
[debug] [2023-08-22T17:46:06.383Z] [runtime-status] [9365] Listening to port: /tmp/fire_emu_6f9a88e7a5100063.sock {"metadata":{"emulator":{"name":"functions"},"function":{"name":"us-central1-api"},"extension":{},"message":"[runtime-status] [9365] Listening to port: /tmp/fire_emu_6f9a88e7a5100063.sock"}}
[debug] [2023-08-22T17:46:06.400Z] [runtime-status] [9375] Functions runtime initialized. {"cwd":"/home/aeturi/amazon-clone/functions","node_version":"20.5.0"} {"metadata":{"emulator":{"name":"functions"},"function":{"name":"us-central1-api"},"extension":{},"message":"[runtime-status] [9375] Functions runtime initialized. {\"cwd\":\"/home/aeturi/amazon-clone/functions\",\"node_version\":\"20.5.0\"}"}}
[debug] [2023-08-22T17:46:06.401Z] [runtime-status] [9375] Listening to port: /tmp/fire_emu_0e0d9383c3b4f232.sock {"metadata":{"emulator":{"name":"functions"},"function":{"name":"us-central1-api"},"extension":{},"message":"[runtime-status] [9375] Listening to port: /tmp/fire_emu_0e0d9383c3b4f232.sock"}}
[debug] [2023-08-22T17:46:06.440Z] [worker-us-central1-api-a69ea8ff-30a5-4d0b-8cf6-47ea22f07872]: IDLE {"metadata":{"emulator":{"name":"functions"},"function":{"name":"us-central1-api"},"extension":{},"message":"[worker-us-central1-api-a69ea8ff-30a5-4d0b-8cf6-47ea22f07872]: IDLE"}}
[debug] [2023-08-22T17:46:06.440Z] [worker-pool] submitRequest(triggerId=us-central1-api) {"metadata":{"emulator":{"name":"functions"},"message":"[worker-pool] submitRequest(triggerId=us-central1-api)"}}
[info] i  functions: Beginning execution of "us-central1-api" {"metadata":{"emulator":{"name":"functions"},"function":{"name":"us-central1-api"},"extension":{},"message":"Beginning execution of \"us-central1-api\""}}
[debug] [2023-08-22T17:46:06.441Z] [worker-us-central1-api-a69ea8ff-30a5-4d0b-8cf6-47ea22f07872]: BUSY {"metadata":{"emulator":{"name":"functions"},"function":{"name":"us-central1-api"},"extension":{},"message":"[worker-us-central1-api-a69ea8ff-30a5-4d0b-8cf6-47ea22f07872]: BUSY"}}
[debug] [2023-08-22T17:46:06.449Z] [worker-us-central1-api-bb95f25f-77e8-487e-ba7d-3296095bebb7]: IDLE {"metadata":{"emulator":{"name":"functions"},"function":{"name":"us-central1-api"},"extension":{},"message":"[worker-us-central1-api-bb95f25f-77e8-487e-ba7d-3296095bebb7]: IDLE"}}
[debug] [2023-08-22T17:46:06.449Z] [worker-pool] submitRequest(triggerId=us-central1-api) {"metadata":{"emulator":{"name":"functions"},"message":"[worker-pool] submitRequest(triggerId=us-central1-api)"}}
[info] i  functions: Beginning execution of "us-central1-api" {"metadata":{"emulator":{"name":"functions"},"function":{"name":"us-central1-api"},"extension":{},"message":"Beginning execution of \"us-central1-api\""}}
[debug] [2023-08-22T17:46:06.450Z] [worker-us-central1-api-bb95f25f-77e8-487e-ba7d-3296095bebb7]: BUSY {"metadata":{"emulator":{"name":"functions"},"function":{"name":"us-central1-api"},"extension":{},"message":"[worker-us-central1-api-bb95f25f-77e8-487e-ba7d-3296095bebb7]: BUSY"}}
[debug] [2023-08-22T17:46:07.122Z] Finishing up request with event=pause {"metadata":{"emulator":{"name":"functions"},"function":{"name":"us-central1-api"},"extension":{},"message":"Finishing up request with event=pause"}}
[info] i  functions: Finished "us-central1-api" in 682.192419ms {"metadata":{"emulator":{"name":"functions"},"function":{"name":"us-central1-api"},"extension":{},"message":"Finished \"us-central1-api\" in 682.192419ms"}}
[debug] [2023-08-22T17:46:07.124Z] [worker-us-central1-api-a69ea8ff-30a5-4d0b-8cf6-47ea22f07872]: IDLE {"metadata":{"emulator":{"name":"functions"},"function":{"name":"us-central1-api"},"extension":{},"message":"[worker-us-central1-api-a69ea8ff-30a5-4d0b-8cf6-47ea22f07872]: IDLE"}}
[debug] [2023-08-22T17:46:07.124Z] Finishing up request with event=finish {"metadata":{"emulator":{"name":"functions"},"function":{"name":"us-central1-api"},"extension":{},"message":"Finishing up request with event=finish"}}
[debug] [2023-08-22T17:46:07.125Z] Finishing up request with event=close {"metadata":{"emulator":{"name":"functions"},"function":{"name":"us-central1-api"},"extension":{},"message":"Finishing up request with event=close"}}
[debug] [2023-08-22T17:46:07.125Z] [work-queue] {"queuedWork":[],"queueLength":0,"runningWork":["/clone-96e62/us-central1/api/payments/create-2023-08-22T17:46:05.531Z"],"workRunningCount":1}
[debug] [2023-08-22T17:46:07.133Z] Finishing up request with event=pause {"metadata":{"emulator":{"name":"functions"},"function":{"name":"us-central1-api"},"extension":{},"message":"Finishing up request with event=pause"}}
[info] i  functions: Finished "us-central1-api" in 683.340671ms {"metadata":{"emulator":{"name":"functions"},"function":{"name":"us-central1-api"},"extension":{},"message":"Finished \"us-central1-api\" in 683.340671ms"}}
[debug] [2023-08-22T17:46:07.134Z] [worker-us-central1-api-bb95f25f-77e8-487e-ba7d-3296095bebb7]: IDLE {"metadata":{"emulator":{"name":"functions"},"function":{"name":"us-central1-api"},"extension":{},"message":"[worker-us-central1-api-bb95f25f-77e8-487e-ba7d-3296095bebb7]: IDLE"}}
[debug] [2023-08-22T17:46:07.134Z] Finishing up request with event=finish {"metadata":{"emulator":{"name":"functions"},"function":{"name":"us-central1-api"},"extension":{},"message":"Finishing up request with event=finish"}}
[debug] [2023-08-22T17:46:07.135Z] Finishing up request with event=close {"metadata":{"emulator":{"name":"functions"},"function":{"name":"us-central1-api"},"extension":{},"message":"Finishing up request with event=close"}}
[debug] [2023-08-22T17:46:07.135Z] [work-queue] {"queuedWork":[],"queueLength":0,"runningWork":[],"workRunningCount":0}
[debug] [2023-08-22T17:46:55.157Z] [work-queue] {"queuedWork":["/clone-96e62/us-central1/api/payments/create-2023-08-22T17:46:55.157Z"],"queueLength":1,"runningWork":[],"workRunningCount":0}
[debug] [2023-08-22T17:46:55.157Z] [work-queue] {"queuedWork":[],"queueLength":0,"runningWork":["/clone-96e62/us-central1/api/payments/create-2023-08-22T17:46:55.157Z"],"workRunningCount":1}
[debug] [2023-08-22T17:46:55.158Z] Accepted request POST /clone-96e62/us-central1/api/payments/create?total=3999 --> us-central1-api
[debug] [2023-08-22T17:46:55.160Z] [functions] Runtime ready! Sending request! {"metadata":{"emulator":{"name":"functions"},"message":"[functions] Runtime ready! Sending request!"}}
[debug] [2023-08-22T17:46:55.160Z] [functions] Got req.url=/clone-96e62/us-central1/api/payments/create?total=3999, mapping to path=/payments/create?total=3999 {"metadata":{"emulator":{"name":"functions"},"message":"[functions] Got req.url=/clone-96e62/us-central1/api/payments/create?total=3999, mapping to path=/payments/create?total=3999"}}
[debug] [2023-08-22T17:46:55.160Z] [worker-pool] submitRequest(triggerId=us-central1-api) {"metadata":{"emulator":{"name":"functions"},"message":"[worker-pool] submitRequest(triggerId=us-central1-api)"}}
[info] i  functions: Beginning execution of "us-central1-api" {"metadata":{"emulator":{"name":"functions"},"function":{"name":"us-central1-api"},"extension":{},"message":"Beginning execution of \"us-central1-api\""}}
[debug] [2023-08-22T17:46:55.161Z] [worker-us-central1-api-a69ea8ff-30a5-4d0b-8cf6-47ea22f07872]: BUSY {"metadata":{"emulator":{"name":"functions"},"function":{"name":"us-central1-api"},"extension":{},"message":"[worker-us-central1-api-a69ea8ff-30a5-4d0b-8cf6-47ea22f07872]: BUSY"}}
[debug] [2023-08-22T17:46:55.166Z] [work-queue] {"queuedWork":["/clone-96e62/us-central1/api/payments/create-2023-08-22T17:46:55.166Z"],"queueLength":1,"runningWork":["/clone-96e62/us-central1/api/payments/create-2023-08-22T17:46:55.157Z"],"workRunningCount":1}
[debug] [2023-08-22T17:46:55.166Z] [work-queue] {"queuedWork":[],"queueLength":0,"runningWork":["/clone-96e62/us-central1/api/payments/create-2023-08-22T17:46:55.157Z","/clone-96e62/us-central1/api/payments/create-2023-08-22T17:46:55.166Z"],"workRunningCount":2}
[debug] [2023-08-22T17:46:55.166Z] Accepted request POST /clone-96e62/us-central1/api/payments/create?total=3999 --> us-central1-api
[debug] [2023-08-22T17:46:55.170Z] [functions] Runtime ready! Sending request! {"metadata":{"emulator":{"name":"functions"},"message":"[functions] Runtime ready! Sending request!"}}
[debug] [2023-08-22T17:46:55.170Z] [functions] Got req.url=/clone-96e62/us-central1/api/payments/create?total=3999, mapping to path=/payments/create?total=3999 {"metadata":{"emulator":{"name":"functions"},"message":"[functions] Got req.url=/clone-96e62/us-central1/api/payments/create?total=3999, mapping to path=/payments/create?total=3999"}}
[debug] [2023-08-22T17:46:55.170Z] [worker-pool] submitRequest(triggerId=us-central1-api) {"metadata":{"emulator":{"name":"functions"},"message":"[worker-pool] submitRequest(triggerId=us-central1-api)"}}
[info] i  functions: Beginning execution of "us-central1-api" {"metadata":{"emulator":{"name":"functions"},"function":{"name":"us-central1-api"},"extension":{},"message":"Beginning execution of \"us-central1-api\""}}
[debug] [2023-08-22T17:46:55.171Z] [worker-us-central1-api-bb95f25f-77e8-487e-ba7d-3296095bebb7]: BUSY {"metadata":{"emulator":{"name":"functions"},"function":{"name":"us-central1-api"},"extension":{},"message":"[worker-us-central1-api-bb95f25f-77e8-487e-ba7d-3296095bebb7]: BUSY"}}
[debug] [2023-08-22T17:46:55.503Z] Finishing up request with event=pause {"metadata":{"emulator":{"name":"functions"},"function":{"name":"us-central1-api"},"extension":{},"message":"Finishing up request with event=pause"}}
[info] i  functions: Finished "us-central1-api" in 343.290039ms {"metadata":{"emulator":{"name":"functions"},"function":{"name":"us-central1-api"},"extension":{},"message":"Finished \"us-central1-api\" in 343.290039ms"}}
[debug] [2023-08-22T17:46:55.505Z] [worker-us-central1-api-a69ea8ff-30a5-4d0b-8cf6-47ea22f07872]: IDLE {"metadata":{"emulator":{"name":"functions"},"function":{"name":"us-central1-api"},"extension":{},"message":"[worker-us-central1-api-a69ea8ff-30a5-4d0b-8cf6-47ea22f07872]: IDLE"}}
[debug] [2023-08-22T17:46:55.506Z] Finishing up request with event=finish {"metadata":{"emulator":{"name":"functions"},"function":{"name":"us-central1-api"},"extension":{},"message":"Finishing up request with event=finish"}}
[debug] [2023-08-22T17:46:55.507Z] Finishing up request with event=close {"metadata":{"emulator":{"name":"functions"},"function":{"name":"us-central1-api"},"extension":{},"message":"Finishing up request with event=close"}}
[debug] [2023-08-22T17:46:55.507Z] [work-queue] {"queuedWork":[],"queueLength":0,"runningWork":["/clone-96e62/us-central1/api/payments/create-2023-08-22T17:46:55.166Z"],"workRunningCount":1}
[debug] [2023-08-22T17:46:55.513Z] Finishing up request with event=pause {"metadata":{"emulator":{"name":"functions"},"function":{"name":"us-central1-api"},"extension":{},"message":"Finishing up request with event=pause"}}
[info] i  functions: Finished "us-central1-api" in 342.735599ms {"metadata":{"emulator":{"name":"functions"},"function":{"name":"us-central1-api"},"extension":{},"message":"Finished \"us-central1-api\" in 342.735599ms"}}
[debug] [2023-08-22T17:46:55.515Z] [worker-us-central1-api-bb95f25f-77e8-487e-ba7d-3296095bebb7]: IDLE {"metadata":{"emulator":{"name":"functions"},"function":{"name":"us-central1-api"},"extension":{},"message":"[worker-us-central1-api-bb95f25f-77e8-487e-ba7d-3296095bebb7]: IDLE"}}
[debug] [2023-08-22T17:46:55.515Z] Finishing up request with event=finish {"metadata":{"emulator":{"name":"functions"},"function":{"name":"us-central1-api"},"extension":{},"message":"Finishing up request with event=finish"}}
[debug] [2023-08-22T17:46:55.516Z] Finishing up request with event=close {"metadata":{"emulator":{"name":"functions"},"function":{"name":"us-central1-api"},"extension":{},"message":"Finishing up request with event=close"}}
[debug] [2023-08-22T17:46:55.517Z] [work-queue] {"queuedWork":[],"queueLength":0,"runningWork":[],"workRunningCount":0}
[debug] [2023-08-23T01:42:58.671Z] [work-queue] {"queuedWork":["/clone-96e62/us-central1/api/payments/create-2023-08-23T01:42:58.671Z"],"queueLength":1,"runningWork":[],"workRunningCount":0}
[debug] [2023-08-23T01:42:58.671Z] [work-queue] {"queuedWork":[],"queueLength":0,"runningWork":["/clone-96e62/us-central1/api/payments/create-2023-08-23T01:42:58.671Z"],"workRunningCount":1}
[debug] [2023-08-23T01:42:58.671Z] Accepted request POST /clone-96e62/us-central1/api/payments/create?total=985 --> us-central1-api
[debug] [2023-08-23T01:42:58.673Z] [functions] Runtime ready! Sending request! {"metadata":{"emulator":{"name":"functions"},"message":"[functions] Runtime ready! Sending request!"}}
[debug] [2023-08-23T01:42:58.673Z] [functions] Got req.url=/clone-96e62/us-central1/api/payments/create?total=985, mapping to path=/payments/create?total=985 {"metadata":{"emulator":{"name":"functions"},"message":"[functions] Got req.url=/clone-96e62/us-central1/api/payments/create?total=985, mapping to path=/payments/create?total=985"}}
[debug] [2023-08-23T01:42:58.673Z] [worker-pool] submitRequest(triggerId=us-central1-api) {"metadata":{"emulator":{"name":"functions"},"message":"[worker-pool] submitRequest(triggerId=us-central1-api)"}}
[info] i  functions: Beginning execution of "us-central1-api" {"metadata":{"emulator":{"name":"functions"},"function":{"name":"us-central1-api"},"extension":{},"message":"Beginning execution of \"us-central1-api\""}}
[debug] [2023-08-23T01:42:58.673Z] [worker-us-central1-api-a69ea8ff-30a5-4d0b-8cf6-47ea22f07872]: BUSY {"metadata":{"emulator":{"name":"functions"},"function":{"name":"us-central1-api"},"extension":{},"message":"[worker-us-central1-api-a69ea8ff-30a5-4d0b-8cf6-47ea22f07872]: BUSY"}}
[debug] [2023-08-23T01:42:58.675Z] [work-queue] {"queuedWork":["/clone-96e62/us-central1/api/payments/create-2023-08-23T01:42:58.675Z"],"queueLength":1,"runningWork":["/clone-96e62/us-central1/api/payments/create-2023-08-23T01:42:58.671Z"],"workRunningCount":1}
[debug] [2023-08-23T01:42:58.675Z] [work-queue] {"queuedWork":[],"queueLength":0,"runningWork":["/clone-96e62/us-central1/api/payments/create-2023-08-23T01:42:58.671Z","/clone-96e62/us-central1/api/payments/create-2023-08-23T01:42:58.675Z"],"workRunningCount":2}
[debug] [2023-08-23T01:42:58.675Z] Accepted request POST /clone-96e62/us-central1/api/payments/create?total=985 --> us-central1-api
[debug] [2023-08-23T01:42:58.678Z] [functions] Runtime ready! Sending request! {"metadata":{"emulator":{"name":"functions"},"message":"[functions] Runtime ready! Sending request!"}}
[debug] [2023-08-23T01:42:58.679Z] [functions] Got req.url=/clone-96e62/us-central1/api/payments/create?total=985, mapping to path=/payments/create?total=985 {"metadata":{"emulator":{"name":"functions"},"message":"[functions] Got req.url=/clone-96e62/us-central1/api/payments/create?total=985, mapping to path=/payments/create?total=985"}}
[debug] [2023-08-23T01:42:58.679Z] [worker-pool] submitRequest(triggerId=us-central1-api) {"metadata":{"emulator":{"name":"functions"},"message":"[worker-pool] submitRequest(triggerId=us-central1-api)"}}
[info] i  functions: Beginning execution of "us-central1-api" {"metadata":{"emulator":{"name":"functions"},"function":{"name":"us-central1-api"},"extension":{},"message":"Beginning execution of \"us-central1-api\""}}
[debug] [2023-08-23T01:42:58.679Z] [worker-us-central1-api-bb95f25f-77e8-487e-ba7d-3296095bebb7]: BUSY {"metadata":{"emulator":{"name":"functions"},"function":{"name":"us-central1-api"},"extension":{},"message":"[worker-us-central1-api-bb95f25f-77e8-487e-ba7d-3296095bebb7]: BUSY"}}
[debug] [2023-08-23T01:42:59.366Z] Finishing up request with event=pause {"metadata":{"emulator":{"name":"functions"},"function":{"name":"us-central1-api"},"extension":{},"message":"Finishing up request with event=pause"}}
[info] i  functions: Finished "us-central1-api" in 686.804412ms {"metadata":{"emulator":{"name":"functions"},"function":{"name":"us-central1-api"},"extension":{},"message":"Finished \"us-central1-api\" in 686.804412ms"}}
[debug] [2023-08-23T01:42:59.366Z] [worker-us-central1-api-bb95f25f-77e8-487e-ba7d-3296095bebb7]: IDLE {"metadata":{"emulator":{"name":"functions"},"function":{"name":"us-central1-api"},"extension":{},"message":"[worker-us-central1-api-bb95f25f-77e8-487e-ba7d-3296095bebb7]: IDLE"}}
[debug] [2023-08-23T01:42:59.366Z] Finishing up request with event=finish {"metadata":{"emulator":{"name":"functions"},"function":{"name":"us-central1-api"},"extension":{},"message":"Finishing up request with event=finish"}}
[debug] [2023-08-23T01:42:59.367Z] Finishing up request with event=close {"metadata":{"emulator":{"name":"functions"},"function":{"name":"us-central1-api"},"extension":{},"message":"Finishing up request with event=close"}}
[debug] [2023-08-23T01:42:59.367Z] [work-queue] {"queuedWork":[],"queueLength":0,"runningWork":["/clone-96e62/us-central1/api/payments/create-2023-08-23T01:42:58.671Z"],"workRunningCount":1}
[debug] [2023-08-23T01:42:59.373Z] Finishing up request with event=pause {"metadata":{"emulator":{"name":"functions"},"function":{"name":"us-central1-api"},"extension":{},"message":"Finishing up request with event=pause"}}
[info] i  functions: Finished "us-central1-api" in 701.740873ms {"metadata":{"emulator":{"name":"functions"},"function":{"name":"us-central1-api"},"extension":{},"message":"Finished \"us-central1-api\" in 701.740873ms"}}
[debug] [2023-08-23T01:42:59.377Z] [worker-us-central1-api-a69ea8ff-30a5-4d0b-8cf6-47ea22f07872]: IDLE {"metadata":{"emulator":{"name":"functions"},"function":{"name":"us-central1-api"},"extension":{},"message":"[worker-us-central1-api-a69ea8ff-30a5-4d0b-8cf6-47ea22f07872]: IDLE"}}
[debug] [2023-08-23T01:42:59.377Z] Finishing up request with event=finish {"metadata":{"emulator":{"name":"functions"},"function":{"name":"us-central1-api"},"extension":{},"message":"Finishing up request with event=finish"}}
[debug] [2023-08-23T01:42:59.377Z] Finishing up request with event=close {"metadata":{"emulator":{"name":"functions"},"function":{"name":"us-central1-api"},"extension":{},"message":"Finishing up request with event=close"}}
[debug] [2023-08-23T01:42:59.377Z] [work-queue] {"queuedWork":[],"queueLength":0,"runningWork":[],"workRunningCount":0}
[debug] [2023-08-23T14:36:17.850Z] [work-queue] {"queuedWork":["/clone-96e62/us-central1/api/payments/create-2023-08-23T14:36:17.847Z"],"queueLength":1,"runningWork":[],"workRunningCount":0}
[debug] [2023-08-23T14:36:17.867Z] [work-queue] {"queuedWork":[],"queueLength":0,"runningWork":["/clone-96e62/us-central1/api/payments/create-2023-08-23T14:36:17.847Z"],"workRunningCount":1}
[debug] [2023-08-23T14:36:17.868Z] Accepted request POST /clone-96e62/us-central1/api/payments/create?total=985 --> us-central1-api
[debug] [2023-08-23T14:36:17.920Z] [functions] Runtime ready! Sending request! {"metadata":{"emulator":{"name":"functions"},"message":"[functions] Runtime ready! Sending request!"}}
[debug] [2023-08-23T14:36:17.923Z] [functions] Got req.url=/clone-96e62/us-central1/api/payments/create?total=985, mapping to path=/payments/create?total=985 {"metadata":{"emulator":{"name":"functions"},"message":"[functions] Got req.url=/clone-96e62/us-central1/api/payments/create?total=985, mapping to path=/payments/create?total=985"}}
[debug] [2023-08-23T14:36:17.925Z] [worker-pool] submitRequest(triggerId=us-central1-api) {"metadata":{"emulator":{"name":"functions"},"message":"[worker-pool] submitRequest(triggerId=us-central1-api)"}}
[info] i  functions: Beginning execution of "us-central1-api" {"metadata":{"emulator":{"name":"functions"},"function":{"name":"us-central1-api"},"extension":{},"message":"Beginning execution of \"us-central1-api\""}}
[debug] [2023-08-23T14:36:17.930Z] [worker-us-central1-api-a69ea8ff-30a5-4d0b-8cf6-47ea22f07872]: BUSY {"metadata":{"emulator":{"name":"functions"},"function":{"name":"us-central1-api"},"extension":{},"message":"[worker-us-central1-api-a69ea8ff-30a5-4d0b-8cf6-47ea22f07872]: BUSY"}}
[debug] [2023-08-23T14:36:17.939Z] [work-queue] {"queuedWork":["/clone-96e62/us-central1/api/payments/create-2023-08-23T14:36:17.939Z"],"queueLength":1,"runningWork":["/clone-96e62/us-central1/api/payments/create-2023-08-23T14:36:17.847Z"],"workRunningCount":1}
[debug] [2023-08-23T14:36:17.939Z] [work-queue] {"queuedWork":[],"queueLength":0,"runningWork":["/clone-96e62/us-central1/api/payments/create-2023-08-23T14:36:17.847Z","/clone-96e62/us-central1/api/payments/create-2023-08-23T14:36:17.939Z"],"workRunningCount":2}
[debug] [2023-08-23T14:36:17.939Z] Accepted request POST /clone-96e62/us-central1/api/payments/create?total=985 --> us-central1-api
[debug] [2023-08-23T14:36:17.942Z] [functions] Runtime ready! Sending request! {"metadata":{"emulator":{"name":"functions"},"message":"[functions] Runtime ready! Sending request!"}}
[debug] [2023-08-23T14:36:17.943Z] [functions] Got req.url=/clone-96e62/us-central1/api/payments/create?total=985, mapping to path=/payments/create?total=985 {"metadata":{"emulator":{"name":"functions"},"message":"[functions] Got req.url=/clone-96e62/us-central1/api/payments/create?total=985, mapping to path=/payments/create?total=985"}}
[debug] [2023-08-23T14:36:17.943Z] [worker-pool] submitRequest(triggerId=us-central1-api) {"metadata":{"emulator":{"name":"functions"},"message":"[worker-pool] submitRequest(triggerId=us-central1-api)"}}
[info] i  functions: Beginning execution of "us-central1-api" {"metadata":{"emulator":{"name":"functions"},"function":{"name":"us-central1-api"},"extension":{},"message":"Beginning execution of \"us-central1-api\""}}
[debug] [2023-08-23T14:36:17.943Z] [worker-us-central1-api-bb95f25f-77e8-487e-ba7d-3296095bebb7]: BUSY {"metadata":{"emulator":{"name":"functions"},"function":{"name":"us-central1-api"},"extension":{},"message":"[worker-us-central1-api-bb95f25f-77e8-487e-ba7d-3296095bebb7]: BUSY"}}
[debug] [2023-08-23T14:36:18.578Z] Finishing up request with event=pause {"metadata":{"emulator":{"name":"functions"},"function":{"name":"us-central1-api"},"extension":{},"message":"Finishing up request with event=pause"}}
[info] i  functions: Finished "us-central1-api" in 648.224395ms {"metadata":{"emulator":{"name":"functions"},"function":{"name":"us-central1-api"},"extension":{},"message":"Finished \"us-central1-api\" in 648.224395ms"}}
[debug] [2023-08-23T14:36:18.579Z] [worker-us-central1-api-a69ea8ff-30a5-4d0b-8cf6-47ea22f07872]: IDLE {"metadata":{"emulator":{"name":"functions"},"function":{"name":"us-central1-api"},"extension":{},"message":"[worker-us-central1-api-a69ea8ff-30a5-4d0b-8cf6-47ea22f07872]: IDLE"}}
[debug] [2023-08-23T14:36:18.580Z] Finishing up request with event=finish {"metadata":{"emulator":{"name":"functions"},"function":{"name":"us-central1-api"},"extension":{},"message":"Finishing up request with event=finish"}}
[debug] [2023-08-23T14:36:18.580Z] Finishing up request with event=close {"metadata":{"emulator":{"name":"functions"},"function":{"name":"us-central1-api"},"extension":{},"message":"Finishing up request with event=close"}}
[debug] [2023-08-23T14:36:18.581Z] [work-queue] {"queuedWork":[],"queueLength":0,"runningWork":["/clone-96e62/us-central1/api/payments/create-2023-08-23T14:36:17.939Z"],"workRunningCount":1}
[debug] [2023-08-23T14:36:18.605Z] Finishing up request with event=pause {"metadata":{"emulator":{"name":"functions"},"function":{"name":"us-central1-api"},"extension":{},"message":"Finishing up request with event=pause"}}
[info] i  functions: Finished "us-central1-api" in 662.680441ms {"metadata":{"emulator":{"name":"functions"},"function":{"name":"us-central1-api"},"extension":{},"message":"Finished \"us-central1-api\" in 662.680441ms"}}
[debug] [2023-08-23T14:36:18.607Z] [worker-us-central1-api-bb95f25f-77e8-487e-ba7d-3296095bebb7]: IDLE {"metadata":{"emulator":{"name":"functions"},"function":{"name":"us-central1-api"},"extension":{},"message":"[worker-us-central1-api-bb95f25f-77e8-487e-ba7d-3296095bebb7]: IDLE"}}
[debug] [2023-08-23T14:36:18.607Z] Finishing up request with event=finish {"metadata":{"emulator":{"name":"functions"},"function":{"name":"us-central1-api"},"extension":{},"message":"Finishing up request with event=finish"}}
[debug] [2023-08-23T14:36:18.608Z] Finishing up request with event=close {"metadata":{"emulator":{"name":"functions"},"function":{"name":"us-central1-api"},"extension":{},"message":"Finishing up request with event=close"}}
[debug] [2023-08-23T14:36:18.608Z] [work-queue] {"queuedWork":[],"queueLength":0,"runningWork":[],"workRunningCount":0}
[debug] [2023-08-23T14:38:03.654Z] [work-queue] {"queuedWork":["/clone-96e62/us-central1/api/payments/create-2023-08-23T14:38:03.654Z"],"queueLength":1,"runningWork":[],"workRunningCount":0}
[debug] [2023-08-23T14:38:03.655Z] [work-queue] {"queuedWork":[],"queueLength":0,"runningWork":["/clone-96e62/us-central1/api/payments/create-2023-08-23T14:38:03.654Z"],"workRunningCount":1}
[debug] [2023-08-23T14:38:03.655Z] Accepted request POST /clone-96e62/us-central1/api/payments/create?total=985 --> us-central1-api
[debug] [2023-08-23T14:38:03.659Z] [functions] Runtime ready! Sending request! {"metadata":{"emulator":{"name":"functions"},"message":"[functions] Runtime ready! Sending request!"}}
[debug] [2023-08-23T14:38:03.660Z] [functions] Got req.url=/clone-96e62/us-central1/api/payments/create?total=985, mapping to path=/payments/create?total=985 {"metadata":{"emulator":{"name":"functions"},"message":"[functions] Got req.url=/clone-96e62/us-central1/api/payments/create?total=985, mapping to path=/payments/create?total=985"}}
[debug] [2023-08-23T14:38:03.660Z] [worker-pool] submitRequest(triggerId=us-central1-api) {"metadata":{"emulator":{"name":"functions"},"message":"[worker-pool] submitRequest(triggerId=us-central1-api)"}}
[info] i  functions: Beginning execution of "us-central1-api" {"metadata":{"emulator":{"name":"functions"},"function":{"name":"us-central1-api"},"extension":{},"message":"Beginning execution of \"us-central1-api\""}}
[debug] [2023-08-23T14:38:03.661Z] [worker-us-central1-api-a69ea8ff-30a5-4d0b-8cf6-47ea22f07872]: BUSY {"metadata":{"emulator":{"name":"functions"},"function":{"name":"us-central1-api"},"extension":{},"message":"[worker-us-central1-api-a69ea8ff-30a5-4d0b-8cf6-47ea22f07872]: BUSY"}}
[debug] [2023-08-23T14:38:03.670Z] [work-queue] {"queuedWork":["/clone-96e62/us-central1/api/payments/create-2023-08-23T14:38:03.670Z"],"queueLength":1,"runningWork":["/clone-96e62/us-central1/api/payments/create-2023-08-23T14:38:03.654Z"],"workRunningCount":1}
[debug] [2023-08-23T14:38:03.671Z] [work-queue] {"queuedWork":[],"queueLength":0,"runningWork":["/clone-96e62/us-central1/api/payments/create-2023-08-23T14:38:03.654Z","/clone-96e62/us-central1/api/payments/create-2023-08-23T14:38:03.670Z"],"workRunningCount":2}
[debug] [2023-08-23T14:38:03.671Z] Accepted request POST /clone-96e62/us-central1/api/payments/create?total=985 --> us-central1-api
[debug] [2023-08-23T14:38:03.675Z] [functions] Runtime ready! Sending request! {"metadata":{"emulator":{"name":"functions"},"message":"[functions] Runtime ready! Sending request!"}}
[debug] [2023-08-23T14:38:03.677Z] [functions] Got req.url=/clone-96e62/us-central1/api/payments/create?total=985, mapping to path=/payments/create?total=985 {"metadata":{"emulator":{"name":"functions"},"message":"[functions] Got req.url=/clone-96e62/us-central1/api/payments/create?total=985, mapping to path=/payments/create?total=985"}}
[debug] [2023-08-23T14:38:03.678Z] [worker-pool] submitRequest(triggerId=us-central1-api) {"metadata":{"emulator":{"name":"functions"},"message":"[worker-pool] submitRequest(triggerId=us-central1-api)"}}
[info] i  functions: Beginning execution of "us-central1-api" {"metadata":{"emulator":{"name":"functions"},"function":{"name":"us-central1-api"},"extension":{},"message":"Beginning execution of \"us-central1-api\""}}
[debug] [2023-08-23T14:38:03.678Z] [worker-us-central1-api-bb95f25f-77e8-487e-ba7d-3296095bebb7]: BUSY {"metadata":{"emulator":{"name":"functions"},"function":{"name":"us-central1-api"},"extension":{},"message":"[worker-us-central1-api-bb95f25f-77e8-487e-ba7d-3296095bebb7]: BUSY"}}
[debug] [2023-08-23T14:38:04.376Z] Finishing up request with event=pause {"metadata":{"emulator":{"name":"functions"},"function":{"name":"us-central1-api"},"extension":{},"message":"Finishing up request with event=pause"}}
[info] i  functions: Finished "us-central1-api" in 715.55579ms {"metadata":{"emulator":{"name":"functions"},"function":{"name":"us-central1-api"},"extension":{},"message":"Finished \"us-central1-api\" in 715.55579ms"}}
[debug] [2023-08-23T14:38:04.379Z] [worker-us-central1-api-a69ea8ff-30a5-4d0b-8cf6-47ea22f07872]: IDLE {"metadata":{"emulator":{"name":"functions"},"function":{"name":"us-central1-api"},"extension":{},"message":"[worker-us-central1-api-a69ea8ff-30a5-4d0b-8cf6-47ea22f07872]: IDLE"}}
[debug] [2023-08-23T14:38:04.379Z] Finishing up request with event=finish {"metadata":{"emulator":{"name":"functions"},"function":{"name":"us-central1-api"},"extension":{},"message":"Finishing up request with event=finish"}}
[debug] [2023-08-23T14:38:04.380Z] Finishing up request with event=close {"metadata":{"emulator":{"name":"functions"},"function":{"name":"us-central1-api"},"extension":{},"message":"Finishing up request with event=close"}}
[debug] [2023-08-23T14:38:04.380Z] [work-queue] {"queuedWork":[],"queueLength":0,"runningWork":["/clone-96e62/us-central1/api/payments/create-2023-08-23T14:38:03.670Z"],"workRunningCount":1}
[debug] [2023-08-23T14:38:04.383Z] Finishing up request with event=pause {"metadata":{"emulator":{"name":"functions"},"function":{"name":"us-central1-api"},"extension":{},"message":"Finishing up request with event=pause"}}
[info] i  functions: Finished "us-central1-api" in 705.382181ms {"metadata":{"emulator":{"name":"functions"},"function":{"name":"us-central1-api"},"extension":{},"message":"Finished \"us-central1-api\" in 705.382181ms"}}
[debug] [2023-08-23T14:38:04.385Z] [worker-us-central1-api-bb95f25f-77e8-487e-ba7d-3296095bebb7]: IDLE {"metadata":{"emulator":{"name":"functions"},"function":{"name":"us-central1-api"},"extension":{},"message":"[worker-us-central1-api-bb95f25f-77e8-487e-ba7d-3296095bebb7]: IDLE"}}
[debug] [2023-08-23T14:38:04.386Z] Finishing up request with event=finish {"metadata":{"emulator":{"name":"functions"},"function":{"name":"us-central1-api"},"extension":{},"message":"Finishing up request with event=finish"}}
[debug] [2023-08-23T14:38:04.387Z] Finishing up request with event=close {"metadata":{"emulator":{"name":"functions"},"function":{"name":"us-central1-api"},"extension":{},"message":"Finishing up request with event=close"}}
[debug] [2023-08-23T14:38:04.387Z] [work-queue] {"queuedWork":[],"queueLength":0,"runningWork":[],"workRunningCount":0}
